<?xml version="1.0" encoding="UTF-8"?>
<!-- Generated by org.testng.reporters.JUnitReportReporter -->
<testsuite hostname="tulasiramg" name="mypack.NewTest" tests="1" failures="0" timestamp="25 Sep 2014 17:50:56 GMT" time="51.450" errors="0">
  <testcase name="test" time="51.450" classname="mypack.NewTest"/>
</testsuite> <!-- mypack.NewTest -->
