<?xml version="1.0" encoding="UTF-8"?>
<!-- Generated by org.testng.reporters.JUnitReportReporter -->
<testsuite hostname="tulasiramg" name="mypack.VerifyingShareLinks" tests="1" failures="0" timestamp="26 Sep 2014 01:12:36 GMT" time="62.494" errors="0">
  <testcase name="test" time="62.494" classname="mypack.VerifyingShareLinks"/>
</testsuite> <!-- mypack.VerifyingShareLinks -->
