<?xml version="1.0" encoding="UTF-8"?>
<!-- Generated by org.testng.reporters.JUnitReportReporter -->
<testsuite hostname="tulasiramg" name="mypack.VerifyingShareLinks" tests="1" failures="0" timestamp="25 Sep 2014 19:10:11 GMT" time="61.180" errors="0">
  <testcase name="test" time="61.180" classname="mypack.VerifyingShareLinks"/>
</testsuite> <!-- mypack.VerifyingShareLinks -->
