<?xml version="1.0" encoding="UTF-8"?>
<!-- Generated by org.testng.reporters.JUnitReportReporter -->
<testsuite hostname="tulasiramg" name="mypack.DynamicImageForwarding" tests="1" failures="0" timestamp="25 Sep 2014 19:10:11 GMT" time="113.799" errors="0">
  <testcase name="test" time="113.799" classname="mypack.DynamicImageForwarding"/>
</testsuite> <!-- mypack.DynamicImageForwarding -->
