<?xml version="1.0" encoding="UTF-8"?>
<!-- Generated by org.testng.reporters.JUnitReportReporter -->
<testsuite hostname="tulasiramg" name="mypack.DynamicImageForwarding" tests="1" failures="0" timestamp="26 Sep 2014 01:12:36 GMT" time="104.308" errors="0">
  <testcase name="test" time="104.308" classname="mypack.DynamicImageForwarding"/>
</testsuite> <!-- mypack.DynamicImageForwarding -->
