<?xml version="1.0" encoding="UTF-8"?>
<!-- Generated by org.testng.reporters.JUnitReportReporter -->
<testsuite hostname="tulasiramg" name="mypack.PurchaseButoon" tests="1" failures="0" timestamp="25 Sep 2014 19:10:11 GMT" time="47.664" errors="0">
  <testcase name="test" time="47.664" classname="mypack.PurchaseButoon"/>
</testsuite> <!-- mypack.PurchaseButoon -->
